{"E:\\test_project\\server.js": {"path":"E:\\test_project\\server.js","statementMap":{"0":{"start":{"line":1,"column":0},"end":{"line":1,"column":27}},"1":{"start":{"line":2,"column":16},"end":{"line":2,"column":34}},"2":{"start":{"line":3,"column":13},"end":{"line":3,"column":28}},"3":{"start":{"line":4,"column":15},"end":{"line":4,"column":32}},"4":{"start":{"line":5,"column":20},"end":{"line":5,"column":42}},"5":{"start":{"line":6,"column":13},"end":{"line":6,"column":28}},"6":{"start":{"line":7,"column":18},"end":{"line":7,"column":47}},"7":{"start":{"line":9,"column":12},"end":{"line":9,"column":21}},"8":{"start":{"line":10,"column":13},"end":{"line":10,"column":37}},"9":{"start":{"line":12,"column":0},"end":{"line":25,"column":3}},"10":{"start":{"line":13,"column":2},"end":{"line":24,"column":5}},"11":{"start":{"line":28,"column":0},"end":{"line":41,"column":2}},"12":{"start":{"line":44,"column":0},"end":{"line":44,"column":23}},"13":{"start":{"line":47,"column":0},"end":{"line":47,"column":16}},"14":{"start":{"line":50,"column":19},"end":{"line":54,"column":2}},"15":{"start":{"line":55,"column":0},"end":{"line":55,"column":20}},"16":{"start":{"line":58,"column":0},"end":{"line":58,"column":35}},"17":{"start":{"line":61,"column":0},"end":{"line":63,"column":3}},"18":{"start":{"line":62,"column":2},"end":{"line":62,"column":51}},"19":{"start":{"line":67,"column":0},"end":{"line":71,"column":1}},"20":{"start":{"line":68,"column":2},"end":{"line":70,"column":5}},"21":{"start":{"line":69,"column":4},"end":{"line":69,"column":63}},"22":{"start":{"line":74,"column":0},"end":{"line":74,"column":21}}},"fnMap":{"0":{"name":"(anonymous_0)","decl":{"start":{"line":12,"column":23},"end":{"line":12,"column":24}},"loc":{"start":{"line":12,"column":37},"end":{"line":25,"column":1}},"line":12},"1":{"name":"(anonymous_1)","decl":{"start":{"line":61,"column":13},"end":{"line":61,"column":14}},"loc":{"start":{"line":61,"column":27},"end":{"line":63,"column":1}},"line":61},"2":{"name":"(anonymous_2)","decl":{"start":{"line":68,"column":30},"end":{"line":68,"column":31}},"loc":{"start":{"line":68,"column":36},"end":{"line":70,"column":3}},"line":68}},"branchMap":{"0":{"loc":{"start":{"line":10,"column":13},"end":{"line":10,"column":37}},"type":"binary-expr","locations":[{"start":{"line":10,"column":13},"end":{"line":10,"column":29}},{"start":{"line":10,"column":33},"end":{"line":10,"column":37}}],"line":10},"1":{"loc":{"start":{"line":67,"column":0},"end":{"line":71,"column":1}},"type":"if","locations":[{"start":{"line":67,"column":0},"end":{"line":71,"column":1}},{"start":{},"end":{}}],"line":67}},"s":{"0":1,"1":1,"2":1,"3":1,"4":1,"5":1,"6":1,"7":1,"8":1,"9":1,"10":1,"11":1,"12":1,"13":1,"14":1,"15":1,"16":1,"17":1,"18":1,"19":1,"20":0,"21":0,"22":1},"f":{"0":1,"1":1,"2":0},"b":{"0":[1,1],"1":[0,1]},"_coverageSchema":"1a1c01bbd47fc00a2c39e90264f33305004495a9","hash":"8ac8a7b1ed11cd32b8a4f28e74976552661750a1"}
,"E:\\test_project\\js\\config.js": {"path":"E:\\test_project\\js\\config.js","statementMap":{"0":{"start":{"line":8,"column":27},"end":{"line":139,"column":1}},"1":{"start":{"line":141,"column":26},"end":{"line":147,"column":1}},"2":{"start":{"line":149,"column":26},"end":{"line":160,"column":1}},"3":{"start":{"line":162,"column":27},"end":{"line":172,"column":1}},"4":{"start":{"line":174,"column":31},"end":{"line":181,"column":1}}},"fnMap":{},"branchMap":{},"s":{"0":2,"1":2,"2":2,"3":2,"4":2},"f":{},"b":{},"_coverageSchema":"1a1c01bbd47fc00a2c39e90264f33305004495a9","hash":"a759163b4a30f30a6f3f86e537943426950bbcfa"}
,"E:\\test_project\\js\\core\\dataEngine.js": {"path":"E:\\test_project\\js\\core\\dataEngine.js","statementMap":{"0":{"start":{"line":3,"column":26},"end":{"line":96,"column":4}},"1":{"start":{"line":4,"column":24},"end":{"line":4,"column":26}},"2":{"start":{"line":10,"column":22},"end":{"line":14,"column":3}},"3":{"start":{"line":11,"column":4},"end":{"line":13,"column":7}},"4":{"start":{"line":12,"column":6},"end":{"line":12,"column":59}},"5":{"start":{"line":12,"column":33},"end":{"line":12,"column":59}},"6":{"start":{"line":22,"column":18},"end":{"line":22,"column":81}},"7":{"start":{"line":22,"column":32},"end":{"line":22,"column":81}},"8":{"start":{"line":31,"column":16},"end":{"line":31,"column":64}},"9":{"start":{"line":31,"column":33},"end":{"line":31,"column":64}},"10":{"start":{"line":39,"column":17},"end":{"line":39,"column":85}},"11":{"start":{"line":39,"column":40},"end":{"line":39,"column":85}},"12":{"start":{"line":45,"column":23},"end":{"line":45,"column":25}},"13":{"start":{"line":46,"column":24},"end":{"line":46,"column":26}},"14":{"start":{"line":48,"column":27},"end":{"line":70,"column":3}},"15":{"start":{"line":49,"column":27},"end":{"line":49,"column":57}},"16":{"start":{"line":51,"column":4},"end":{"line":59,"column":5}},"17":{"start":{"line":52,"column":6},"end":{"line":54,"column":7}},"18":{"start":{"line":52,"column":19},"end":{"line":52,"column":20}},"19":{"start":{"line":53,"column":8},"end":{"line":53,"column":75}},"20":{"start":{"line":55,"column":6},"end":{"line":57,"column":7}},"21":{"start":{"line":55,"column":19},"end":{"line":55,"column":20}},"22":{"start":{"line":56,"column":8},"end":{"line":56,"column":82}},"23":{"start":{"line":58,"column":6},"end":{"line":58,"column":74}},"24":{"start":{"line":61,"column":4},"end":{"line":63,"column":5}},"25":{"start":{"line":61,"column":17},"end":{"line":61,"column":18}},"26":{"start":{"line":62,"column":6},"end":{"line":62,"column":85}},"27":{"start":{"line":64,"column":4},"end":{"line":66,"column":5}},"28":{"start":{"line":64,"column":17},"end":{"line":64,"column":18}},"29":{"start":{"line":65,"column":6},"end":{"line":65,"column":111}},"30":{"start":{"line":69,"column":4},"end":{"line":69,"column":72}},"31":{"start":{"line":73,"column":21},"end":{"line":77,"column":3}},"32":{"start":{"line":74,"column":4},"end":{"line":74,"column":31}},"33":{"start":{"line":74,"column":18},"end":{"line":74,"column":31}},"34":{"start":{"line":75,"column":4},"end":{"line":75,"column":34}},"35":{"start":{"line":75,"column":18},"end":{"line":75,"column":34}},"36":{"start":{"line":76,"column":4},"end":{"line":76,"column":18}},"37":{"start":{"line":80,"column":21},"end":{"line":80,"column":97}},"38":{"start":{"line":80,"column":30},"end":{"line":80,"column":97}},"39":{"start":{"line":83,"column":22},"end":{"line":87,"column":3}},"40":{"start":{"line":84,"column":4},"end":{"line":84,"column":53}},"41":{"start":{"line":84,"column":29},"end":{"line":84,"column":53}},"42":{"start":{"line":85,"column":4},"end":{"line":85,"column":33}},"43":{"start":{"line":86,"column":4},"end":{"line":86,"column":66}},"44":{"start":{"line":86,"column":39},"end":{"line":86,"column":66}},"45":{"start":{"line":89,"column":26},"end":{"line":89,"column":59}},"46":{"start":{"line":89,"column":35},"end":{"line":89,"column":59}},"47":{"start":{"line":91,"column":23},"end":{"line":93,"column":3}},"48":{"start":{"line":92,"column":4},"end":{"line":92,"column":28}},"49":{"start":{"line":95,"column":2},"end":{"line":95,"column":111}}},"fnMap":{"0":{"name":"(anonymous_0)","decl":{"start":{"line":3,"column":27},"end":{"line":3,"column":28}},"loc":{"start":{"line":3,"column":33},"end":{"line":96,"column":1}},"line":3},"1":{"name":"(anonymous_1)","decl":{"start":{"line":10,"column":22},"end":{"line":10,"column":23}},"loc":{"start":{"line":10,"column":28},"end":{"line":14,"column":3}},"line":10},"2":{"name":"(anonymous_2)","decl":{"start":{"line":11,"column":30},"end":{"line":11,"column":31}},"loc":{"start":{"line":11,"column":35},"end":{"line":13,"column":5}},"line":11},"3":{"name":"(anonymous_3)","decl":{"start":{"line":22,"column":18},"end":{"line":22,"column":19}},"loc":{"start":{"line":22,"column":32},"end":{"line":22,"column":81}},"line":22},"4":{"name":"(anonymous_4)","decl":{"start":{"line":31,"column":16},"end":{"line":31,"column":17}},"loc":{"start":{"line":31,"column":33},"end":{"line":31,"column":64}},"line":31},"5":{"name":"(anonymous_5)","decl":{"start":{"line":39,"column":17},"end":{"line":39,"column":18}},"loc":{"start":{"line":39,"column":40},"end":{"line":39,"column":85}},"line":39},"6":{"name":"(anonymous_6)","decl":{"start":{"line":48,"column":27},"end":{"line":48,"column":28}},"loc":{"start":{"line":48,"column":33},"end":{"line":70,"column":3}},"line":48},"7":{"name":"(anonymous_7)","decl":{"start":{"line":73,"column":21},"end":{"line":73,"column":22}},"loc":{"start":{"line":73,"column":30},"end":{"line":77,"column":3}},"line":73},"8":{"name":"(anonymous_8)","decl":{"start":{"line":80,"column":21},"end":{"line":80,"column":22}},"loc":{"start":{"line":80,"column":30},"end":{"line":80,"column":97}},"line":80},"9":{"name":"(anonymous_9)","decl":{"start":{"line":83,"column":22},"end":{"line":83,"column":23}},"loc":{"start":{"line":83,"column":36},"end":{"line":87,"column":3}},"line":83},"10":{"name":"(anonymous_10)","decl":{"start":{"line":89,"column":26},"end":{"line":89,"column":27}},"loc":{"start":{"line":89,"column":35},"end":{"line":89,"column":59}},"line":89},"11":{"name":"(anonymous_11)","decl":{"start":{"line":91,"column":23},"end":{"line":91,"column":24}},"loc":{"start":{"line":91,"column":32},"end":{"line":93,"column":3}},"line":91}},"branchMap":{"0":{"loc":{"start":{"line":12,"column":6},"end":{"line":12,"column":59}},"type":"if","locations":[{"start":{"line":12,"column":6},"end":{"line":12,"column":59}},{"start":{},"end":{}}],"line":12},"1":{"loc":{"start":{"line":39,"column":24},"end":{"line":39,"column":35}},"type":"default-arg","locations":[{"start":{"line":39,"column":33},"end":{"line":39,"column":35}}],"line":39},"2":{"loc":{"start":{"line":51,"column":4},"end":{"line":59,"column":5}},"type":"if","locations":[{"start":{"line":51,"column":4},"end":{"line":59,"column":5}},{"start":{},"end":{}}],"line":51},"3":{"loc":{"start":{"line":74,"column":4},"end":{"line":74,"column":31}},"type":"if","locations":[{"start":{"line":74,"column":4},"end":{"line":74,"column":31}},{"start":{},"end":{}}],"line":74},"4":{"loc":{"start":{"line":75,"column":4},"end":{"line":75,"column":34}},"type":"if","locations":[{"start":{"line":75,"column":4},"end":{"line":75,"column":34}},{"start":{},"end":{}}],"line":75},"5":{"loc":{"start":{"line":84,"column":4},"end":{"line":84,"column":53}},"type":"if","locations":[{"start":{"line":84,"column":4},"end":{"line":84,"column":53}},{"start":{},"end":{}}],"line":84},"6":{"loc":{"start":{"line":86,"column":4},"end":{"line":86,"column":66}},"type":"if","locations":[{"start":{"line":86,"column":4},"end":{"line":86,"column":66}},{"start":{},"end":{}}],"line":86},"7":{"loc":{"start":{"line":89,"column":35},"end":{"line":89,"column":59}},"type":"binary-expr","locations":[{"start":{"line":89,"column":35},"end":{"line":89,"column":53}},{"start":{"line":89,"column":57},"end":{"line":89,"column":59}}],"line":89}},"s":{"0":2,"1":2,"2":2,"3":0,"4":0,"5":0,"6":2,"7":160016,"8":2,"9":160016,"10":2,"11":100010,"12":2,"13":2,"14":2,"15":10001,"16":10001,"17":0,"18":0,"19":0,"20":0,"21":0,"22":0,"23":0,"24":10001,"25":10001,"26":100010,"27":10001,"28":10001,"29":60006,"30":10001,"31":2,"32":3,"33":1,"34":2,"35":1,"36":1,"37":2,"38":3,"39":2,"40":10,"41":0,"42":10,"43":10,"44":2,"45":2,"46":1,"47":2,"48":1,"49":2},"f":{"0":2,"1":0,"2":0,"3":160016,"4":160016,"5":100010,"6":10001,"7":3,"8":3,"9":10,"10":1,"11":1},"b":{"0":[0,0],"1":[0],"2":[0,10001],"3":[1,2],"4":[1,1],"5":[0,10],"6":[2,8],"7":[1,0]},"_coverageSchema":"1a1c01bbd47fc00a2c39e90264f33305004495a9","hash":"c3a0d4e152ae4ef6a34bb75b0acb0264dd21cca4"}
,"E:\\test_project\\js\\core\\navEngine.js": {"path":"E:\\test_project\\js\\core\\navEngine.js","statementMap":{"0":{"start":{"line":3,"column":25},"end":{"line":106,"column":4}},"1":{"start":{"line":4,"column":17},"end":{"line":59,"column":3}},"2":{"start":{"line":61,"column":17},"end":{"line":103,"column":3}},"3":{"start":{"line":62,"column":4},"end":{"line":102,"column":5}},"4":{"start":{"line":63,"column":19},"end":{"line":63,"column":59}},"5":{"start":{"line":64,"column":17},"end":{"line":64,"column":55}},"6":{"start":{"line":65,"column":18},"end":{"line":65,"column":34}},"7":{"start":{"line":66,"column":20},"end":{"line":66,"column":100}},"8":{"start":{"line":67,"column":17},"end":{"line":67,"column":55}},"9":{"start":{"line":69,"column":6},"end":{"line":69,"column":36}},"10":{"start":{"line":70,"column":6},"end":{"line":95,"column":14}},"11":{"start":{"line":82,"column":33},"end":{"line":93,"column":11}},"12":{"start":{"line":97,"column":6},"end":{"line":97,"column":66}},"13":{"start":{"line":98,"column":6},"end":{"line":98,"column":60}},"14":{"start":{"line":100,"column":6},"end":{"line":100,"column":55}},"15":{"start":{"line":101,"column":6},"end":{"line":101,"column":53}},"16":{"start":{"line":105,"column":2},"end":{"line":105,"column":20}}},"fnMap":{"0":{"name":"(anonymous_0)","decl":{"start":{"line":3,"column":26},"end":{"line":3,"column":27}},"loc":{"start":{"line":3,"column":32},"end":{"line":106,"column":1}},"line":3},"1":{"name":"(anonymous_1)","decl":{"start":{"line":61,"column":17},"end":{"line":61,"column":18}},"loc":{"start":{"line":61,"column":23},"end":{"line":103,"column":3}},"line":61},"2":{"name":"(anonymous_2)","decl":{"start":{"line":82,"column":28},"end":{"line":82,"column":29}},"loc":{"start":{"line":82,"column":33},"end":{"line":93,"column":11}},"line":82}},"branchMap":{"0":{"loc":{"start":{"line":66,"column":20},"end":{"line":66,"column":100}},"type":"binary-expr","locations":[{"start":{"line":66,"column":20},"end":{"line":66,"column":31}},{"start":{"line":66,"column":35},"end":{"line":66,"column":100}}],"line":66},"1":{"loc":{"start":{"line":70,"column":21},"end":{"line":95,"column":13}},"type":"cond-expr","locations":[{"start":{"line":70,"column":40},"end":{"line":95,"column":8}},{"start":{"line":95,"column":11},"end":{"line":95,"column":13}}],"line":70},"2":{"loc":{"start":{"line":87,"column":18},"end":{"line":87,"column":69}},"type":"cond-expr","locations":[{"start":{"line":87,"column":26},"end":{"line":87,"column":64}},{"start":{"line":87,"column":67},"end":{"line":87,"column":69}}],"line":87},"3":{"loc":{"start":{"line":89,"column":16},"end":{"line":91,"column":28}},"type":"cond-expr","locations":[{"start":{"line":89,"column":24},"end":{"line":91,"column":23}},{"start":{"line":91,"column":26},"end":{"line":91,"column":28}}],"line":89},"4":{"loc":{"start":{"line":90,"column":16},"end":{"line":90,"column":81}},"type":"cond-expr","locations":[{"start":{"line":90,"column":36},"end":{"line":90,"column":43}},{"start":{"line":90,"column":46},"end":{"line":90,"column":81}}],"line":90},"5":{"loc":{"start":{"line":90,"column":46},"end":{"line":90,"column":81}},"type":"cond-expr","locations":[{"start":{"line":90,"column":65},"end":{"line":90,"column":71}},{"start":{"line":90,"column":74},"end":{"line":90,"column":81}}],"line":90}},"s":{"0":1,"1":1,"2":1,"3":2,"4":2,"5":2,"6":2,"7":2,"8":2,"9":2,"10":2,"11":7,"12":2,"13":2,"14":0,"15":0,"16":1},"f":{"0":1,"1":2,"2":7},"b":{"0":[2,1],"1":[2,0],"2":[5,2],"3":[5,2],"4":[5,0],"5":[0,0]},"_coverageSchema":"1a1c01bbd47fc00a2c39e90264f33305004495a9","hash":"86df3c28a7e9794336c80bb154cfe030b3129901"}
,"E:\\test_project\\js\\core\\state.js": {"path":"E:\\test_project\\js\\core\\state.js","statementMap":{"0":{"start":{"line":5,"column":4},"end":{"line":5,"column":36}},"1":{"start":{"line":6,"column":4},"end":{"line":6,"column":54}},"2":{"start":{"line":7,"column":4},"end":{"line":7,"column":56}},"3":{"start":{"line":8,"column":4},"end":{"line":8,"column":20}},"4":{"start":{"line":9,"column":4},"end":{"line":9,"column":21}},"5":{"start":{"line":13,"column":4},"end":{"line":17,"column":5}},"6":{"start":{"line":14,"column":6},"end":{"line":14,"column":32}},"7":{"start":{"line":15,"column":6},"end":{"line":15,"column":38}},"8":{"start":{"line":16,"column":6},"end":{"line":16,"column":40}},"9":{"start":{"line":21,"column":4},"end":{"line":21,"column":42}},"10":{"start":{"line":25,"column":27},"end":{"line":25,"column":43}}},"fnMap":{"0":{"name":"(anonymous_0)","decl":{"start":{"line":4,"column":2},"end":{"line":4,"column":3}},"loc":{"start":{"line":4,"column":16},"end":{"line":10,"column":3}},"line":4},"1":{"name":"(anonymous_1)","decl":{"start":{"line":12,"column":2},"end":{"line":12,"column":3}},"loc":{"start":{"line":12,"column":17},"end":{"line":18,"column":3}},"line":12},"2":{"name":"(anonymous_2)","decl":{"start":{"line":20,"column":2},"end":{"line":20,"column":3}},"loc":{"start":{"line":20,"column":21},"end":{"line":22,"column":3}},"line":20}},"branchMap":{"0":{"loc":{"start":{"line":13,"column":4},"end":{"line":17,"column":5}},"type":"if","locations":[{"start":{"line":13,"column":4},"end":{"line":17,"column":5}},{"start":{},"end":{}}],"line":13}},"s":{"0":2,"1":2,"2":2,"3":2,"4":2,"5":5,"6":5,"7":5,"8":5,"9":10001,"10":2},"f":{"0":2,"1":5,"2":10001},"b":{"0":[5,0]},"_coverageSchema":"1a1c01bbd47fc00a2c39e90264f33305004495a9","hash":"dbdd5646ecd3121f50bf6a22c967bce754fbd58f"}
,"E:\\test_project\\js\\services\\firebase.js": {"path":"E:\\test_project\\js\\services\\firebase.js","statementMap":{"0":{"start":{"line":4,"column":31},"end":{"line":78,"column":4}},"1":{"start":{"line":5,"column":21},"end":{"line":5,"column":26}},"2":{"start":{"line":6,"column":24},"end":{"line":6,"column":28}},"3":{"start":{"line":8,"column":22},"end":{"line":8,"column":40}},"4":{"start":{"line":8,"column":28},"end":{"line":8,"column":40}},"5":{"start":{"line":9,"column":17},"end":{"line":9,"column":62}},"6":{"start":{"line":9,"column":33},"end":{"line":9,"column":60}},"7":{"start":{"line":10,"column":15},"end":{"line":10,"column":72}},"8":{"start":{"line":10,"column":27},"end":{"line":10,"column":70}},"9":{"start":{"line":10,"column":48},"end":{"line":10,"column":70}},"10":{"start":{"line":15,"column":27},"end":{"line":25,"column":3}},"11":{"start":{"line":16,"column":4},"end":{"line":16,"column":82}},"12":{"start":{"line":16,"column":41},"end":{"line":16,"column":82}},"13":{"start":{"line":17,"column":18},"end":{"line":17,"column":33}},"14":{"start":{"line":18,"column":19},"end":{"line":18,"column":35}},"15":{"start":{"line":21,"column":4},"end":{"line":23,"column":5}},"16":{"start":{"line":22,"column":6},"end":{"line":22,"column":59}},"17":{"start":{"line":24,"column":4},"end":{"line":24,"column":29}},"18":{"start":{"line":27,"column":18},"end":{"line":75,"column":3}},"19":{"start":{"line":28,"column":4},"end":{"line":74,"column":5}},"20":{"start":{"line":29,"column":6},"end":{"line":29,"column":71}},"21":{"start":{"line":30,"column":23},"end":{"line":30,"column":49}},"22":{"start":{"line":31,"column":6},"end":{"line":31,"column":66}},"23":{"start":{"line":31,"column":24},"end":{"line":31,"column":66}},"24":{"start":{"line":32,"column":25},"end":{"line":32,"column":46}},"25":{"start":{"line":33,"column":30},"end":{"line":33,"column":49}},"26":{"start":{"line":35,"column":6},"end":{"line":37,"column":7}},"27":{"start":{"line":36,"column":8},"end":{"line":36,"column":84}},"28":{"start":{"line":39,"column":6},"end":{"line":39,"column":62}},"29":{"start":{"line":40,"column":32},"end":{"line":40,"column":106}},"30":{"start":{"line":41,"column":44},"end":{"line":41,"column":123}},"31":{"start":{"line":43,"column":18},"end":{"line":43,"column":48}},"32":{"start":{"line":44,"column":18},"end":{"line":44,"column":34}},"33":{"start":{"line":45,"column":22},"end":{"line":45,"column":34}},"34":{"start":{"line":47,"column":6},"end":{"line":67,"column":9}},"35":{"start":{"line":48,"column":8},"end":{"line":61,"column":9}},"36":{"start":{"line":49,"column":22},"end":{"line":49,"column":36}},"37":{"start":{"line":50,"column":10},"end":{"line":50,"column":55}},"38":{"start":{"line":50,"column":20},"end":{"line":50,"column":55}},"39":{"start":{"line":52,"column":32},"end":{"line":52,"column":53}},"40":{"start":{"line":54,"column":10},"end":{"line":54,"column":30}},"41":{"start":{"line":55,"column":10},"end":{"line":55,"column":42}},"42":{"start":{"line":56,"column":10},"end":{"line":56,"column":115}},"43":{"start":{"line":57,"column":10},"end":{"line":57,"column":30}},"44":{"start":{"line":59,"column":10},"end":{"line":59,"column":80}},"45":{"start":{"line":63,"column":8},"end":{"line":63,"column":79}},"46":{"start":{"line":64,"column":8},"end":{"line":64,"column":29}},"47":{"start":{"line":65,"column":8},"end":{"line":65,"column":41}},"48":{"start":{"line":66,"column":8},"end":{"line":66,"column":53}},"49":{"start":{"line":66,"column":32},"end":{"line":66,"column":53}},"50":{"start":{"line":70,"column":6},"end":{"line":70,"column":76}},"51":{"start":{"line":71,"column":6},"end":{"line":71,"column":27}},"52":{"start":{"line":72,"column":6},"end":{"line":72,"column":39}},"53":{"start":{"line":73,"column":6},"end":{"line":73,"column":50}},"54":{"start":{"line":73,"column":29},"end":{"line":73,"column":50}},"55":{"start":{"line":77,"column":2},"end":{"line":77,"column":42}}},"fnMap":{"0":{"name":"(anonymous_0)","decl":{"start":{"line":4,"column":32},"end":{"line":4,"column":33}},"loc":{"start":{"line":4,"column":38},"end":{"line":78,"column":1}},"line":4},"1":{"name":"(anonymous_1)","decl":{"start":{"line":8,"column":22},"end":{"line":8,"column":23}},"loc":{"start":{"line":8,"column":28},"end":{"line":8,"column":40}},"line":8},"2":{"name":"(anonymous_2)","decl":{"start":{"line":9,"column":17},"end":{"line":9,"column":18}},"loc":{"start":{"line":9,"column":31},"end":{"line":9,"column":62}},"line":9},"3":{"name":"(anonymous_3)","decl":{"start":{"line":10,"column":15},"end":{"line":10,"column":16}},"loc":{"start":{"line":10,"column":25},"end":{"line":10,"column":72}},"line":10},"4":{"name":"(anonymous_4)","decl":{"start":{"line":15,"column":27},"end":{"line":15,"column":28}},"loc":{"start":{"line":15,"column":36},"end":{"line":25,"column":3}},"line":15},"5":{"name":"(anonymous_5)","decl":{"start":{"line":27,"column":18},"end":{"line":27,"column":19}},"loc":{"start":{"line":27,"column":48},"end":{"line":75,"column":3}},"line":27},"6":{"name":"(anonymous_6)","decl":{"start":{"line":47,"column":23},"end":{"line":47,"column":24}},"loc":{"start":{"line":47,"column":37},"end":{"line":62,"column":7}},"line":47},"7":{"name":"(anonymous_7)","decl":{"start":{"line":62,"column":9},"end":{"line":62,"column":10}},"loc":{"start":{"line":62,"column":20},"end":{"line":67,"column":7}},"line":62}},"branchMap":{"0":{"loc":{"start":{"line":10,"column":27},"end":{"line":10,"column":70}},"type":"if","locations":[{"start":{"line":10,"column":27},"end":{"line":10,"column":70}},{"start":{},"end":{}}],"line":10},"1":{"loc":{"start":{"line":16,"column":4},"end":{"line":16,"column":82}},"type":"if","locations":[{"start":{"line":16,"column":4},"end":{"line":16,"column":82}},{"start":{},"end":{}}],"line":16},"2":{"loc":{"start":{"line":16,"column":8},"end":{"line":16,"column":39}},"type":"binary-expr","locations":[{"start":{"line":16,"column":8},"end":{"line":16,"column":12}},{"start":{"line":16,"column":16},"end":{"line":16,"column":39}}],"line":16},"3":{"loc":{"start":{"line":17,"column":18},"end":{"line":17,"column":33}},"type":"binary-expr","locations":[{"start":{"line":17,"column":18},"end":{"line":17,"column":27}},{"start":{"line":17,"column":31},"end":{"line":17,"column":33}}],"line":17},"4":{"loc":{"start":{"line":18,"column":19},"end":{"line":18,"column":35}},"type":"binary-expr","locations":[{"start":{"line":18,"column":19},"end":{"line":18,"column":29}},{"start":{"line":18,"column":33},"end":{"line":18,"column":35}}],"line":18},"5":{"loc":{"start":{"line":21,"column":4},"end":{"line":23,"column":5}},"type":"if","locations":[{"start":{"line":21,"column":4},"end":{"line":23,"column":5}},{"start":{},"end":{}}],"line":21},"6":{"loc":{"start":{"line":21,"column":8},"end":{"line":21,"column":63}},"type":"binary-expr","locations":[{"start":{"line":21,"column":8},"end":{"line":21,"column":33}},{"start":{"line":21,"column":37},"end":{"line":21,"column":63}}],"line":21},"7":{"loc":{"start":{"line":31,"column":6},"end":{"line":31,"column":66}},"type":"if","locations":[{"start":{"line":31,"column":6},"end":{"line":31,"column":66}},{"start":{},"end":{}}],"line":31},"8":{"loc":{"start":{"line":35,"column":6},"end":{"line":37,"column":7}},"type":"if","locations":[{"start":{"line":35,"column":6},"end":{"line":37,"column":7}},{"start":{},"end":{}}],"line":35},"9":{"loc":{"start":{"line":35,"column":10},"end":{"line":35,"column":95}},"type":"binary-expr","locations":[{"start":{"line":35,"column":10},"end":{"line":35,"column":26}},{"start":{"line":35,"column":30},"end":{"line":35,"column":68}},{"start":{"line":35,"column":72},"end":{"line":35,"column":95}}],"line":35},"10":{"loc":{"start":{"line":50,"column":10},"end":{"line":50,"column":55}},"type":"if","locations":[{"start":{"line":50,"column":10},"end":{"line":50,"column":55}},{"start":{},"end":{}}],"line":50},"11":{"loc":{"start":{"line":66,"column":8},"end":{"line":66,"column":53}},"type":"if","locations":[{"start":{"line":66,"column":8},"end":{"line":66,"column":53}},{"start":{},"end":{}}],"line":66},"12":{"loc":{"start":{"line":73,"column":6},"end":{"line":73,"column":50}},"type":"if","locations":[{"start":{"line":73,"column":6},"end":{"line":73,"column":50}},{"start":{},"end":{}}],"line":73}},"s":{"0":1,"1":1,"2":1,"3":1,"4":2,"5":1,"6":1,"7":1,"8":0,"9":0,"10":1,"11":0,"12":0,"13":0,"14":0,"15":0,"16":0,"17":0,"18":1,"19":1,"20":1,"21":1,"22":1,"23":1,"24":0,"25":0,"26":0,"27":0,"28":0,"29":0,"30":0,"31":0,"32":0,"33":0,"34":0,"35":0,"36":0,"37":0,"38":0,"39":0,"40":0,"41":0,"42":0,"43":0,"44":0,"45":0,"46":0,"47":0,"48":0,"49":0,"50":1,"51":1,"52":1,"53":1,"54":1,"55":1},"f":{"0":1,"1":2,"2":1,"3":0,"4":0,"5":1,"6":0,"7":0},"b":{"0":[0,0],"1":[0,0],"2":[0,0],"3":[0,0],"4":[0,0],"5":[0,0],"6":[0,0],"7":[1,0],"8":[0,0],"9":[0,0,0],"10":[0,0],"11":[0,0],"12":[1,0]},"_coverageSchema":"1a1c01bbd47fc00a2c39e90264f33305004495a9","hash":"6eda16f0633372a28c62f87df7e23b8667e59e5e"}
,"E:\\test_project\\js\\services\\googleMaps.js": {"path":"E:\\test_project\\js\\services\\googleMaps.js","statementMap":{"0":{"start":{"line":6,"column":33},"end":{"line":78,"column":4}},"1":{"start":{"line":7,"column":17},"end":{"line":7,"column":22}},"2":{"start":{"line":8,"column":23},"end":{"line":8,"column":27}},"3":{"start":{"line":9,"column":22},"end":{"line":9,"column":26}},"4":{"start":{"line":14,"column":19},"end":{"line":26,"column":3}},"5":{"start":{"line":15,"column":4},"end":{"line":15,"column":44}},"6":{"start":{"line":15,"column":23},"end":{"line":15,"column":44}},"7":{"start":{"line":16,"column":4},"end":{"line":25,"column":5}},"8":{"start":{"line":17,"column":23},"end":{"line":17,"column":49}},"9":{"start":{"line":18,"column":6},"end":{"line":18,"column":70}},"10":{"start":{"line":18,"column":24},"end":{"line":18,"column":70}},"11":{"start":{"line":19,"column":19},"end":{"line":19,"column":40}},"12":{"start":{"line":20,"column":6},"end":{"line":20,"column":41}},"13":{"start":{"line":21,"column":6},"end":{"line":21,"column":27}},"14":{"start":{"line":23,"column":6},"end":{"line":23,"column":74}},"15":{"start":{"line":24,"column":6},"end":{"line":24,"column":18}},"16":{"start":{"line":31,"column":21},"end":{"line":63,"column":3}},"17":{"start":{"line":32,"column":4},"end":{"line":32,"column":43}},"18":{"start":{"line":32,"column":18},"end":{"line":32,"column":43}},"19":{"start":{"line":33,"column":4},"end":{"line":33,"column":46}},"20":{"start":{"line":33,"column":24},"end":{"line":33,"column":46}},"21":{"start":{"line":35,"column":4},"end":{"line":60,"column":7}},"22":{"start":{"line":36,"column":18},"end":{"line":36,"column":34}},"23":{"start":{"line":37,"column":6},"end":{"line":42,"column":7}},"24":{"start":{"line":38,"column":20},"end":{"line":38,"column":92}},"25":{"start":{"line":39,"column":8},"end":{"line":39,"column":39}},"26":{"start":{"line":40,"column":8},"end":{"line":40,"column":23}},"27":{"start":{"line":41,"column":8},"end":{"line":41,"column":15}},"28":{"start":{"line":44,"column":6},"end":{"line":49,"column":8}},"29":{"start":{"line":45,"column":8},"end":{"line":45,"column":64}},"30":{"start":{"line":46,"column":8},"end":{"line":46,"column":24}},"31":{"start":{"line":47,"column":8},"end":{"line":47,"column":42}},"32":{"start":{"line":48,"column":8},"end":{"line":48,"column":22}},"33":{"start":{"line":51,"column":21},"end":{"line":51,"column":53}},"34":{"start":{"line":52,"column":6},"end":{"line":52,"column":118}},"35":{"start":{"line":53,"column":6},"end":{"line":53,"column":26}},"36":{"start":{"line":54,"column":6},"end":{"line":54,"column":26}},"37":{"start":{"line":55,"column":6},"end":{"line":58,"column":8}},"38":{"start":{"line":56,"column":8},"end":{"line":56,"column":62}},"39":{"start":{"line":57,"column":8},"end":{"line":57,"column":63}},"40":{"start":{"line":59,"column":6},"end":{"line":59,"column":40}},"41":{"start":{"line":62,"column":4},"end":{"line":62,"column":26}},"42":{"start":{"line":69,"column":23},"end":{"line":75,"column":3}},"43":{"start":{"line":70,"column":20},"end":{"line":70,"column":50}},"44":{"start":{"line":74,"column":4},"end":{"line":74,"column":111}},"45":{"start":{"line":77,"column":2},"end":{"line":77,"column":64}},"46":{"start":{"line":77,"column":53},"end":{"line":77,"column":61}}},"fnMap":{"0":{"name":"(anonymous_0)","decl":{"start":{"line":6,"column":34},"end":{"line":6,"column":35}},"loc":{"start":{"line":6,"column":40},"end":{"line":78,"column":1}},"line":6},"1":{"name":"(anonymous_1)","decl":{"start":{"line":14,"column":19},"end":{"line":14,"column":20}},"loc":{"start":{"line":14,"column":31},"end":{"line":26,"column":3}},"line":14},"2":{"name":"(anonymous_2)","decl":{"start":{"line":31,"column":21},"end":{"line":31,"column":22}},"loc":{"start":{"line":31,"column":33},"end":{"line":63,"column":3}},"line":31},"3":{"name":"(anonymous_3)","decl":{"start":{"line":35,"column":33},"end":{"line":35,"column":34}},"loc":{"start":{"line":35,"column":60},"end":{"line":60,"column":5}},"line":35},"4":{"name":"(anonymous_4)","decl":{"start":{"line":44,"column":35},"end":{"line":44,"column":36}},"loc":{"start":{"line":44,"column":41},"end":{"line":49,"column":7}},"line":44},"5":{"name":"(anonymous_5)","decl":{"start":{"line":55,"column":23},"end":{"line":55,"column":24}},"loc":{"start":{"line":55,"column":29},"end":{"line":58,"column":7}},"line":55},"6":{"name":"(anonymous_6)","decl":{"start":{"line":69,"column":23},"end":{"line":69,"column":24}},"loc":{"start":{"line":69,"column":34},"end":{"line":75,"column":3}},"line":69},"7":{"name":"(anonymous_7)","decl":{"start":{"line":77,"column":47},"end":{"line":77,"column":48}},"loc":{"start":{"line":77,"column":53},"end":{"line":77,"column":61}},"line":77}},"branchMap":{"0":{"loc":{"start":{"line":15,"column":4},"end":{"line":15,"column":44}},"type":"if","locations":[{"start":{"line":15,"column":4},"end":{"line":15,"column":44}},{"start":{},"end":{}}],"line":15},"1":{"loc":{"start":{"line":18,"column":6},"end":{"line":18,"column":70}},"type":"if","locations":[{"start":{"line":18,"column":6},"end":{"line":18,"column":70}},{"start":{},"end":{}}],"line":18},"2":{"loc":{"start":{"line":32,"column":4},"end":{"line":32,"column":43}},"type":"if","locations":[{"start":{"line":32,"column":4},"end":{"line":32,"column":43}},{"start":{},"end":{}}],"line":32},"3":{"loc":{"start":{"line":33,"column":4},"end":{"line":33,"column":46}},"type":"if","locations":[{"start":{"line":33,"column":4},"end":{"line":33,"column":46}},{"start":{},"end":{}}],"line":33},"4":{"loc":{"start":{"line":37,"column":6},"end":{"line":42,"column":7}},"type":"if","locations":[{"start":{"line":37,"column":6},"end":{"line":42,"column":7}},{"start":{},"end":{}}],"line":37},"5":{"loc":{"start":{"line":37,"column":10},"end":{"line":37,"column":42}},"type":"binary-expr","locations":[{"start":{"line":37,"column":10},"end":{"line":37,"column":14}},{"start":{"line":37,"column":18},"end":{"line":37,"column":42}}],"line":37}},"s":{"0":1,"1":1,"2":1,"3":1,"4":1,"5":0,"6":0,"7":0,"8":0,"9":0,"10":0,"11":0,"12":0,"13":0,"14":0,"15":0,"16":1,"17":0,"18":0,"19":0,"20":0,"21":0,"22":0,"23":0,"24":0,"25":0,"26":0,"27":0,"28":0,"29":0,"30":0,"31":0,"32":0,"33":0,"34":0,"35":0,"36":0,"37":0,"38":0,"39":0,"40":0,"41":0,"42":1,"43":0,"44":0,"45":1,"46":0},"f":{"0":1,"1":0,"2":0,"3":0,"4":0,"5":0,"6":0,"7":0},"b":{"0":[0,0],"1":[0,0],"2":[0,0],"3":[0,0],"4":[0,0],"5":[0,0]},"_coverageSchema":"1a1c01bbd47fc00a2c39e90264f33305004495a9","hash":"8970f7127bf66681ff20dd590a0d21515d99f2d1"}
,"E:\\test_project\\js\\services\\logger.js": {"path":"E:\\test_project\\js\\services\\logger.js","statementMap":{"0":{"start":{"line":5,"column":22},"end":{"line":61,"column":4}},"1":{"start":{"line":6,"column":16},"end":{"line":6,"column":20}},"2":{"start":{"line":8,"column":14},"end":{"line":32,"column":3}},"3":{"start":{"line":9,"column":18},"end":{"line":15,"column":5}},"4":{"start":{"line":17,"column":4},"end":{"line":29,"column":5}},"5":{"start":{"line":18,"column":21},"end":{"line":23,"column":7}},"6":{"start":{"line":24,"column":6},"end":{"line":28,"column":8}},"7":{"start":{"line":39,"column":16},"end":{"line":49,"column":3}},"8":{"start":{"line":40,"column":18},"end":{"line":40,"column":35}},"9":{"start":{"line":41,"column":4},"end":{"line":48,"column":5}},"10":{"start":{"line":42,"column":6},"end":{"line":42,"column":18}},"11":{"start":{"line":44,"column":18},"end":{"line":44,"column":35}},"12":{"start":{"line":45,"column":6},"end":{"line":47,"column":7}},"13":{"start":{"line":46,"column":8},"end":{"line":46,"column":89}},"14":{"start":{"line":51,"column":2},"end":{"line":60,"column":4}},"15":{"start":{"line":52,"column":34},"end":{"line":52,"column":65}},"16":{"start":{"line":53,"column":34},"end":{"line":53,"column":65}},"17":{"start":{"line":55,"column":7},"end":{"line":55,"column":59}},"18":{"start":{"line":55,"column":16},"end":{"line":55,"column":59}},"19":{"start":{"line":56,"column":7},"end":{"line":56,"column":40}},"20":{"start":{"line":58,"column":34},"end":{"line":58,"column":65}}},"fnMap":{"0":{"name":"(anonymous_0)","decl":{"start":{"line":5,"column":23},"end":{"line":5,"column":24}},"loc":{"start":{"line":5,"column":29},"end":{"line":61,"column":1}},"line":5},"1":{"name":"(anonymous_1)","decl":{"start":{"line":8,"column":14},"end":{"line":8,"column":15}},"loc":{"start":{"line":8,"column":54},"end":{"line":32,"column":3}},"line":8},"2":{"name":"(anonymous_2)","decl":{"start":{"line":39,"column":16},"end":{"line":39,"column":17}},"loc":{"start":{"line":39,"column":30},"end":{"line":49,"column":3}},"line":39},"3":{"name":"(anonymous_3)","decl":{"start":{"line":52,"column":10},"end":{"line":52,"column":11}},"loc":{"start":{"line":52,"column":34},"end":{"line":52,"column":65}},"line":52},"4":{"name":"(anonymous_4)","decl":{"start":{"line":53,"column":10},"end":{"line":53,"column":11}},"loc":{"start":{"line":53,"column":34},"end":{"line":53,"column":65}},"line":53},"5":{"name":"(anonymous_5)","decl":{"start":{"line":54,"column":11},"end":{"line":54,"column":12}},"loc":{"start":{"line":54,"column":40},"end":{"line":57,"column":5}},"line":54},"6":{"name":"(anonymous_6)","decl":{"start":{"line":58,"column":10},"end":{"line":58,"column":11}},"loc":{"start":{"line":58,"column":34},"end":{"line":58,"column":65}},"line":58}},"branchMap":{"0":{"loc":{"start":{"line":8,"column":40},"end":{"line":8,"column":49}},"type":"default-arg","locations":[{"start":{"line":8,"column":47},"end":{"line":8,"column":49}}],"line":8},"1":{"loc":{"start":{"line":17,"column":4},"end":{"line":29,"column":5}},"type":"if","locations":[{"start":{"line":17,"column":4},"end":{"line":29,"column":5}},{"start":{},"end":{}}],"line":17},"2":{"loc":{"start":{"line":24,"column":14},"end":{"line":24,"column":46}},"type":"cond-expr","locations":[{"start":{"line":24,"column":33},"end":{"line":24,"column":38}},{"start":{"line":24,"column":41},"end":{"line":24,"column":46}}],"line":24},"3":{"loc":{"start":{"line":45,"column":6},"end":{"line":47,"column":7}},"type":"if","locations":[{"start":{"line":45,"column":6},"end":{"line":47,"column":7}},{"start":{},"end":{}}],"line":45},"4":{"loc":{"start":{"line":55,"column":7},"end":{"line":55,"column":59}},"type":"if","locations":[{"start":{"line":55,"column":7},"end":{"line":55,"column":59}},{"start":{},"end":{}}],"line":55},"5":{"loc":{"start":{"line":55,"column":29},"end":{"line":55,"column":58}},"type":"binary-expr","locations":[{"start":{"line":55,"column":29},"end":{"line":55,"column":40}},{"start":{"line":55,"column":44},"end":{"line":55,"column":58}}],"line":55}},"s":{"0":1,"1":1,"2":1,"3":2,"4":2,"5":2,"6":2,"7":1,"8":0,"9":0,"10":0,"11":0,"12":0,"13":0,"14":1,"15":2,"16":0,"17":0,"18":0,"19":0,"20":0},"f":{"0":1,"1":2,"2":0,"3":2,"4":0,"5":0,"6":0},"b":{"0":[2],"1":[2,0],"2":[0,2],"3":[0,0],"4":[0,0],"5":[0,0]},"_coverageSchema":"1a1c01bbd47fc00a2c39e90264f33305004495a9","hash":"fb128ebadb7b0b51f881a1fa9452734b3401341e"}
,"E:\\test_project\\js\\ui\\renderer.js": {"path":"E:\\test_project\\js\\ui\\renderer.js","statementMap":{"0":{"start":{"line":5,"column":23},"end":{"line":88,"column":4}},"1":{"start":{"line":6,"column":20},"end":{"line":6,"column":24}},"2":{"start":{"line":7,"column":20},"end":{"line":7,"column":24}},"3":{"start":{"line":8,"column":23},"end":{"line":8,"column":27}},"4":{"start":{"line":10,"column":20},"end":{"line":17,"column":3}},"5":{"start":{"line":11,"column":15},"end":{"line":11,"column":47}},"6":{"start":{"line":12,"column":4},"end":{"line":12,"column":20}},"7":{"start":{"line":12,"column":13},"end":{"line":12,"column":20}},"8":{"start":{"line":13,"column":4},"end":{"line":13,"column":29}},"9":{"start":{"line":14,"column":4},"end":{"line":14,"column":29}},"10":{"start":{"line":15,"column":4},"end":{"line":15,"column":47}},"11":{"start":{"line":15,"column":21},"end":{"line":15,"column":47}},"12":{"start":{"line":16,"column":4},"end":{"line":16,"column":70}},"13":{"start":{"line":16,"column":35},"end":{"line":16,"column":62}},"14":{"start":{"line":19,"column":28},"end":{"line":34,"column":3}},"15":{"start":{"line":20,"column":18},"end":{"line":20,"column":63}},"16":{"start":{"line":21,"column":18},"end":{"line":21,"column":64}},"17":{"start":{"line":22,"column":18},"end":{"line":22,"column":60}},"18":{"start":{"line":23,"column":4},"end":{"line":23,"column":31}},"19":{"start":{"line":23,"column":24},"end":{"line":23,"column":31}},"20":{"start":{"line":25,"column":4},"end":{"line":33,"column":5}},"21":{"start":{"line":26,"column":6},"end":{"line":26,"column":38}},"22":{"start":{"line":27,"column":6},"end":{"line":27,"column":42}},"23":{"start":{"line":28,"column":6},"end":{"line":28,"column":87}},"24":{"start":{"line":28,"column":19},"end":{"line":28,"column":52}},"25":{"start":{"line":28,"column":53},"end":{"line":28,"column":85}},"26":{"start":{"line":30,"column":6},"end":{"line":30,"column":41}},"27":{"start":{"line":31,"column":6},"end":{"line":31,"column":38}},"28":{"start":{"line":32,"column":6},"end":{"line":32,"column":91}},"29":{"start":{"line":32,"column":19},"end":{"line":32,"column":53}},"30":{"start":{"line":32,"column":54},"end":{"line":32,"column":89}},"31":{"start":{"line":36,"column":21},"end":{"line":42,"column":3}},"32":{"start":{"line":37,"column":15},"end":{"line":37,"column":53}},"33":{"start":{"line":38,"column":4},"end":{"line":38,"column":19}},"34":{"start":{"line":38,"column":12},"end":{"line":38,"column":19}},"35":{"start":{"line":39,"column":17},"end":{"line":39,"column":102}},"36":{"start":{"line":39,"column":25},"end":{"line":39,"column":100}},"37":{"start":{"line":40,"column":4},"end":{"line":40,"column":11}},"38":{"start":{"line":41,"column":4},"end":{"line":41,"column":42}},"39":{"start":{"line":44,"column":25},"end":{"line":47,"column":3}},"40":{"start":{"line":45,"column":15},"end":{"line":45,"column":58}},"41":{"start":{"line":46,"column":4},"end":{"line":46,"column":34}},"42":{"start":{"line":46,"column":12},"end":{"line":46,"column":34}},"43":{"start":{"line":49,"column":21},"end":{"line":54,"column":3}},"44":{"start":{"line":50,"column":18},"end":{"line":50,"column":56}},"45":{"start":{"line":51,"column":4},"end":{"line":51,"column":22}},"46":{"start":{"line":51,"column":15},"end":{"line":51,"column":22}},"47":{"start":{"line":52,"column":21},"end":{"line":52,"column":69}},"48":{"start":{"line":53,"column":4},"end":{"line":53,"column":33}},"49":{"start":{"line":56,"column":24},"end":{"line":69,"column":3}},"50":{"start":{"line":57,"column":4},"end":{"line":68,"column":7}},"51":{"start":{"line":58,"column":6},"end":{"line":67,"column":9}},"52":{"start":{"line":59,"column":8},"end":{"line":62,"column":11}},"53":{"start":{"line":60,"column":10},"end":{"line":60,"column":39}},"54":{"start":{"line":61,"column":10},"end":{"line":61,"column":44}},"55":{"start":{"line":63,"column":8},"end":{"line":63,"column":36}},"56":{"start":{"line":64,"column":8},"end":{"line":64,"column":49}},"57":{"start":{"line":65,"column":23},"end":{"line":65,"column":66}},"58":{"start":{"line":66,"column":8},"end":{"line":66,"column":82}},"59":{"start":{"line":66,"column":20},"end":{"line":66,"column":82}},"60":{"start":{"line":71,"column":19},"end":{"line":78,"column":3}},"61":{"start":{"line":72,"column":16},"end":{"line":72,"column":46}},"62":{"start":{"line":73,"column":4},"end":{"line":73,"column":21}},"63":{"start":{"line":73,"column":14},"end":{"line":73,"column":21}},"64":{"start":{"line":74,"column":4},"end":{"line":77,"column":7}},"65":{"start":{"line":75,"column":6},"end":{"line":75,"column":36}},"66":{"start":{"line":76,"column":6},"end":{"line":76,"column":73}},"67":{"start":{"line":76,"column":25},"end":{"line":76,"column":30}},"68":{"start":{"line":76,"column":31},"end":{"line":76,"column":64}},"69":{"start":{"line":80,"column":19},"end":{"line":85,"column":3}},"70":{"start":{"line":81,"column":4},"end":{"line":84,"column":6}},"71":{"start":{"line":82,"column":6},"end":{"line":82,"column":35}},"72":{"start":{"line":83,"column":6},"end":{"line":83,"column":78}},"73":{"start":{"line":83,"column":42},"end":{"line":83,"column":65}},"74":{"start":{"line":87,"column":2},"end":{"line":87,"column":117}},"75":{"start":{"line":90,"column":29},"end":{"line":175,"column":4}},"76":{"start":{"line":91,"column":15},"end":{"line":91,"column":57}},"77":{"start":{"line":91,"column":21},"end":{"line":91,"column":57}},"78":{"start":{"line":93,"column":24},"end":{"line":102,"column":3}},"79":{"start":{"line":94,"column":20},"end":{"line":94,"column":51}},"80":{"start":{"line":95,"column":17},"end":{"line":95,"column":19}},"81":{"start":{"line":96,"column":4},"end":{"line":99,"column":5}},"82":{"start":{"line":96,"column":17},"end":{"line":96,"column":18}},"83":{"start":{"line":97,"column":16},"end":{"line":97,"column":91}},"84":{"start":{"line":98,"column":6},"end":{"line":98,"column":130}},"85":{"start":{"line":100,"column":4},"end":{"line":100,"column":113}},"86":{"start":{"line":101,"column":4},"end":{"line":101,"column":90}},"87":{"start":{"line":104,"column":17},"end":{"line":146,"column":3}},"88":{"start":{"line":105,"column":14},"end":{"line":105,"column":20}},"89":{"start":{"line":106,"column":4},"end":{"line":106,"column":18}},"90":{"start":{"line":106,"column":11},"end":{"line":106,"column":18}},"91":{"start":{"line":107,"column":4},"end":{"line":107,"column":21}},"92":{"start":{"line":108,"column":21},"end":{"line":108,"column":54}},"93":{"start":{"line":110,"column":4},"end":{"line":139,"column":7}},"94":{"start":{"line":111,"column":20},"end":{"line":111,"column":52}},"95":{"start":{"line":112,"column":20},"end":{"line":112,"column":46}},"96":{"start":{"line":113,"column":20},"end":{"line":113,"column":46}},"97":{"start":{"line":114,"column":6},"end":{"line":114,"column":44}},"98":{"start":{"line":116,"column":19},"end":{"line":116,"column":48}},"99":{"start":{"line":117,"column":6},"end":{"line":117,"column":45}},"100":{"start":{"line":118,"column":6},"end":{"line":118,"column":44}},"101":{"start":{"line":119,"column":6},"end":{"line":119,"column":78}},"102":{"start":{"line":120,"column":6},"end":{"line":120,"column":51}},"103":{"start":{"line":122,"column":6},"end":{"line":137,"column":14}},"104":{"start":{"line":138,"column":6},"end":{"line":138,"column":33}},"105":{"start":{"line":141,"column":4},"end":{"line":141,"column":28}},"106":{"start":{"line":143,"column":4},"end":{"line":145,"column":7}},"107":{"start":{"line":144,"column":6},"end":{"line":144,"column":111}},"108":{"start":{"line":144,"column":66},"end":{"line":144,"column":107}},"109":{"start":{"line":148,"column":17},"end":{"line":172,"column":3}},"110":{"start":{"line":149,"column":14},"end":{"line":149,"column":20}},"111":{"start":{"line":150,"column":4},"end":{"line":150,"column":18}},"112":{"start":{"line":150,"column":11},"end":{"line":150,"column":18}},"113":{"start":{"line":151,"column":18},"end":{"line":151,"column":51}},"114":{"start":{"line":152,"column":4},"end":{"line":152,"column":81}},"115":{"start":{"line":152,"column":53},"end":{"line":152,"column":71}},"116":{"start":{"line":152,"column":72},"end":{"line":152,"column":79}},"117":{"start":{"line":154,"column":4},"end":{"line":171,"column":7}},"118":{"start":{"line":155,"column":20},"end":{"line":155,"column":52}},"119":{"start":{"line":156,"column":20},"end":{"line":156,"column":46}},"120":{"start":{"line":157,"column":20},"end":{"line":157,"column":46}},"121":{"start":{"line":158,"column":20},"end":{"line":158,"column":28}},"122":{"start":{"line":160,"column":6},"end":{"line":160,"column":44}},"123":{"start":{"line":162,"column":6},"end":{"line":162,"column":45}},"124":{"start":{"line":163,"column":6},"end":{"line":163,"column":78}},"125":{"start":{"line":164,"column":6},"end":{"line":164,"column":69}},"126":{"start":{"line":165,"column":6},"end":{"line":165,"column":118}},"127":{"start":{"line":166,"column":6},"end":{"line":166,"column":67}},"128":{"start":{"line":167,"column":6},"end":{"line":167,"column":64}},"129":{"start":{"line":169,"column":17},"end":{"line":169,"column":61}},"130":{"start":{"line":170,"column":6},"end":{"line":170,"column":58}},"131":{"start":{"line":170,"column":14},"end":{"line":170,"column":58}},"132":{"start":{"line":174,"column":2},"end":{"line":174,"column":58}},"133":{"start":{"line":177,"column":29},"end":{"line":226,"column":4}},"134":{"start":{"line":178,"column":20},"end":{"line":178,"column":62}},"135":{"start":{"line":178,"column":26},"end":{"line":178,"column":62}},"136":{"start":{"line":179,"column":17},"end":{"line":224,"column":3}},"137":{"start":{"line":180,"column":14},"end":{"line":180,"column":25}},"138":{"start":{"line":181,"column":4},"end":{"line":181,"column":18}},"139":{"start":{"line":181,"column":11},"end":{"line":181,"column":18}},"140":{"start":{"line":182,"column":21},"end":{"line":187,"column":7}},"141":{"start":{"line":182,"column":50},"end":{"line":187,"column":5}},"142":{"start":{"line":188,"column":4},"end":{"line":188,"column":45}},"143":{"start":{"line":188,"column":28},"end":{"line":188,"column":43}},"144":{"start":{"line":189,"column":20},"end":{"line":189,"column":36}},"145":{"start":{"line":191,"column":4},"end":{"line":191,"column":21}},"146":{"start":{"line":192,"column":4},"end":{"line":219,"column":7}},"147":{"start":{"line":193,"column":21},"end":{"line":193,"column":42}},"148":{"start":{"line":194,"column":21},"end":{"line":194,"column":71}},"149":{"start":{"line":195,"column":20},"end":{"line":195,"column":110}},"150":{"start":{"line":196,"column":20},"end":{"line":196,"column":200}},"151":{"start":{"line":198,"column":19},"end":{"line":198,"column":48}},"152":{"start":{"line":199,"column":6},"end":{"line":199,"column":60}},"153":{"start":{"line":200,"column":6},"end":{"line":200,"column":44}},"154":{"start":{"line":201,"column":6},"end":{"line":201,"column":51}},"155":{"start":{"line":203,"column":6},"end":{"line":217,"column":14}},"156":{"start":{"line":218,"column":6},"end":{"line":218,"column":26}},"157":{"start":{"line":221,"column":4},"end":{"line":223,"column":7}},"158":{"start":{"line":222,"column":6},"end":{"line":222,"column":112}},"159":{"start":{"line":222,"column":67},"end":{"line":222,"column":108}},"160":{"start":{"line":225,"column":2},"end":{"line":225,"column":50}},"161":{"start":{"line":228,"column":29},"end":{"line":300,"column":4}},"162":{"start":{"line":229,"column":19},"end":{"line":233,"column":3}},"163":{"start":{"line":235,"column":17},"end":{"line":298,"column":3}},"164":{"start":{"line":236,"column":21},"end":{"line":236,"column":60}},"165":{"start":{"line":237,"column":4},"end":{"line":237,"column":25}},"166":{"start":{"line":237,"column":18},"end":{"line":237,"column":25}},"167":{"start":{"line":238,"column":4},"end":{"line":238,"column":28}},"168":{"start":{"line":239,"column":4},"end":{"line":261,"column":7}},"169":{"start":{"line":240,"column":16},"end":{"line":240,"column":35}},"170":{"start":{"line":241,"column":19},"end":{"line":246,"column":17}},"171":{"start":{"line":242,"column":23},"end":{"line":242,"column":37}},"172":{"start":{"line":243,"column":25},"end":{"line":243,"column":114}},"173":{"start":{"line":244,"column":22},"end":{"line":244,"column":93}},"174":{"start":{"line":245,"column":8},"end":{"line":245,"column":64}},"175":{"start":{"line":248,"column":18},"end":{"line":248,"column":47}},"176":{"start":{"line":249,"column":6},"end":{"line":249,"column":34}},"177":{"start":{"line":250,"column":6},"end":{"line":250,"column":43}},"178":{"start":{"line":251,"column":6},"end":{"line":251,"column":48}},"179":{"start":{"line":252,"column":6},"end":{"line":259,"column":14}},"180":{"start":{"line":260,"column":6},"end":{"line":260,"column":32}},"181":{"start":{"line":263,"column":16},"end":{"line":263,"column":50}},"182":{"start":{"line":264,"column":4},"end":{"line":297,"column":5}},"183":{"start":{"line":266,"column":20},"end":{"line":266,"column":37}},"184":{"start":{"line":267,"column":22},"end":{"line":267,"column":52}},"185":{"start":{"line":269,"column":21},"end":{"line":269,"column":30}},"186":{"start":{"line":270,"column":31},"end":{"line":270,"column":34}},"187":{"start":{"line":271,"column":22},"end":{"line":271,"column":31}},"188":{"start":{"line":272,"column":32},"end":{"line":272,"column":33}},"189":{"start":{"line":274,"column":6},"end":{"line":286,"column":7}},"190":{"start":{"line":275,"column":8},"end":{"line":285,"column":11}},"191":{"start":{"line":275,"column":34},"end":{"line":275,"column":85}},"192":{"start":{"line":276,"column":29},"end":{"line":276,"column":51}},"193":{"start":{"line":277,"column":10},"end":{"line":280,"column":11}},"194":{"start":{"line":278,"column":12},"end":{"line":278,"column":44}},"195":{"start":{"line":279,"column":12},"end":{"line":279,"column":30}},"196":{"start":{"line":281,"column":10},"end":{"line":284,"column":11}},"197":{"start":{"line":282,"column":12},"end":{"line":282,"column":45}},"198":{"start":{"line":283,"column":12},"end":{"line":283,"column":31}},"199":{"start":{"line":288,"column":6},"end":{"line":296,"column":14}},"200":{"start":{"line":299,"column":2},"end":{"line":299,"column":20}},"201":{"start":{"line":302,"column":28},"end":{"line":338,"column":4}},"202":{"start":{"line":303,"column":25},"end":{"line":313,"column":3}},"203":{"start":{"line":304,"column":20},"end":{"line":304,"column":22}},"204":{"start":{"line":305,"column":4},"end":{"line":310,"column":5}},"205":{"start":{"line":306,"column":6},"end":{"line":306,"column":154}},"206":{"start":{"line":306,"column":39},"end":{"line":306,"column":154}},"207":{"start":{"line":307,"column":6},"end":{"line":307,"column":158}},"208":{"start":{"line":307,"column":43},"end":{"line":307,"column":158}},"209":{"start":{"line":308,"column":6},"end":{"line":308,"column":156}},"210":{"start":{"line":308,"column":41},"end":{"line":308,"column":156}},"211":{"start":{"line":309,"column":6},"end":{"line":309,"column":167}},"212":{"start":{"line":309,"column":43},"end":{"line":309,"column":167}},"213":{"start":{"line":311,"column":25},"end":{"line":311,"column":84}},"214":{"start":{"line":311,"column":52},"end":{"line":311,"column":71}},"215":{"start":{"line":312,"column":4},"end":{"line":312,"column":53}},"216":{"start":{"line":315,"column":17},"end":{"line":336,"column":3}},"217":{"start":{"line":316,"column":19},"end":{"line":316,"column":44}},"218":{"start":{"line":317,"column":17},"end":{"line":317,"column":54}},"219":{"start":{"line":318,"column":20},"end":{"line":318,"column":59}},"220":{"start":{"line":319,"column":4},"end":{"line":319,"column":33}},"221":{"start":{"line":319,"column":26},"end":{"line":319,"column":33}},"222":{"start":{"line":321,"column":4},"end":{"line":321,"column":40}},"223":{"start":{"line":322,"column":4},"end":{"line":322,"column":24}},"224":{"start":{"line":323,"column":4},"end":{"line":335,"column":7}},"225":{"start":{"line":324,"column":21},"end":{"line":324,"column":55}},"226":{"start":{"line":325,"column":19},"end":{"line":325,"column":48}},"227":{"start":{"line":326,"column":6},"end":{"line":326,"column":50}},"228":{"start":{"line":327,"column":6},"end":{"line":327,"column":43}},"229":{"start":{"line":328,"column":6},"end":{"line":328,"column":49}},"230":{"start":{"line":329,"column":6},"end":{"line":333,"column":13}},"231":{"start":{"line":334,"column":6},"end":{"line":334,"column":29}},"232":{"start":{"line":337,"column":2},"end":{"line":337,"column":20}},"233":{"start":{"line":342,"column":26},"end":{"line":366,"column":4}},"234":{"start":{"line":343,"column":15},"end":{"line":345,"column":3}},"235":{"start":{"line":344,"column":4},"end":{"line":344,"column":41}},"236":{"start":{"line":347,"column":17},"end":{"line":364,"column":3}},"237":{"start":{"line":348,"column":17},"end":{"line":348,"column":52}},"238":{"start":{"line":349,"column":4},"end":{"line":349,"column":21}},"239":{"start":{"line":349,"column":14},"end":{"line":349,"column":21}},"240":{"start":{"line":350,"column":4},"end":{"line":350,"column":24}},"241":{"start":{"line":351,"column":4},"end":{"line":363,"column":7}},"242":{"start":{"line":352,"column":19},"end":{"line":352,"column":51}},"243":{"start":{"line":353,"column":6},"end":{"line":353,"column":35}},"244":{"start":{"line":354,"column":6},"end":{"line":354,"column":44}},"245":{"start":{"line":355,"column":6},"end":{"line":355,"column":66}},"246":{"start":{"line":356,"column":6},"end":{"line":360,"column":14}},"247":{"start":{"line":361,"column":6},"end":{"line":361,"column":86}},"248":{"start":{"line":361,"column":43},"end":{"line":361,"column":84}},"249":{"start":{"line":362,"column":6},"end":{"line":362,"column":29}},"250":{"start":{"line":365,"column":2},"end":{"line":365,"column":26}}},"fnMap":{"0":{"name":"(anonymous_0)","decl":{"start":{"line":5,"column":24},"end":{"line":5,"column":25}},"loc":{"start":{"line":5,"column":30},"end":{"line":88,"column":1}},"line":5},"1":{"name":"(anonymous_1)","decl":{"start":{"line":10,"column":20},"end":{"line":10,"column":21}},"loc":{"start":{"line":10,"column":33},"end":{"line":17,"column":3}},"line":10},"2":{"name":"(anonymous_2)","decl":{"start":{"line":16,"column":29},"end":{"line":16,"column":30}},"loc":{"start":{"line":16,"column":35},"end":{"line":16,"column":62}},"line":16},"3":{"name":"(anonymous_3)","decl":{"start":{"line":19,"column":28},"end":{"line":19,"column":29}},"loc":{"start":{"line":19,"column":43},"end":{"line":34,"column":3}},"line":19},"4":{"name":"(anonymous_4)","decl":{"start":{"line":36,"column":21},"end":{"line":36,"column":22}},"loc":{"start":{"line":36,"column":27},"end":{"line":42,"column":3}},"line":36},"5":{"name":"(anonymous_5)","decl":{"start":{"line":39,"column":17},"end":{"line":39,"column":18}},"loc":{"start":{"line":39,"column":23},"end":{"line":39,"column":102}},"line":39},"6":{"name":"(anonymous_6)","decl":{"start":{"line":44,"column":25},"end":{"line":44,"column":26}},"loc":{"start":{"line":44,"column":35},"end":{"line":47,"column":3}},"line":44},"7":{"name":"(anonymous_7)","decl":{"start":{"line":49,"column":21},"end":{"line":49,"column":22}},"loc":{"start":{"line":49,"column":27},"end":{"line":54,"column":3}},"line":49},"8":{"name":"(anonymous_8)","decl":{"start":{"line":56,"column":24},"end":{"line":56,"column":25}},"loc":{"start":{"line":56,"column":30},"end":{"line":69,"column":3}},"line":56},"9":{"name":"(anonymous_9)","decl":{"start":{"line":57,"column":52},"end":{"line":57,"column":53}},"loc":{"start":{"line":57,"column":59},"end":{"line":68,"column":5}},"line":57},"10":{"name":"(anonymous_10)","decl":{"start":{"line":58,"column":36},"end":{"line":58,"column":37}},"loc":{"start":{"line":58,"column":42},"end":{"line":67,"column":7}},"line":58},"11":{"name":"(anonymous_11)","decl":{"start":{"line":59,"column":56},"end":{"line":59,"column":57}},"loc":{"start":{"line":59,"column":61},"end":{"line":62,"column":9}},"line":59},"12":{"name":"(anonymous_12)","decl":{"start":{"line":71,"column":19},"end":{"line":71,"column":20}},"loc":{"start":{"line":71,"column":34},"end":{"line":78,"column":3}},"line":71},"13":{"name":"(anonymous_13)","decl":{"start":{"line":74,"column":34},"end":{"line":74,"column":35}},"loc":{"start":{"line":74,"column":40},"end":{"line":77,"column":5}},"line":74},"14":{"name":"(anonymous_14)","decl":{"start":{"line":76,"column":17},"end":{"line":76,"column":18}},"loc":{"start":{"line":76,"column":23},"end":{"line":76,"column":66}},"line":76},"15":{"name":"(anonymous_15)","decl":{"start":{"line":80,"column":19},"end":{"line":80,"column":20}},"loc":{"start":{"line":80,"column":44},"end":{"line":85,"column":3}},"line":80},"16":{"name":"(anonymous_16)","decl":{"start":{"line":81,"column":11},"end":{"line":81,"column":12}},"loc":{"start":{"line":81,"column":24},"end":{"line":84,"column":5}},"line":81},"17":{"name":"(anonymous_17)","decl":{"start":{"line":83,"column":34},"end":{"line":83,"column":35}},"loc":{"start":{"line":83,"column":40},"end":{"line":83,"column":67}},"line":83},"18":{"name":"(anonymous_18)","decl":{"start":{"line":90,"column":30},"end":{"line":90,"column":31}},"loc":{"start":{"line":90,"column":36},"end":{"line":175,"column":1}},"line":90},"19":{"name":"(anonymous_19)","decl":{"start":{"line":91,"column":15},"end":{"line":91,"column":16}},"loc":{"start":{"line":91,"column":21},"end":{"line":91,"column":57}},"line":91},"20":{"name":"(anonymous_20)","decl":{"start":{"line":93,"column":24},"end":{"line":93,"column":25}},"loc":{"start":{"line":93,"column":45},"end":{"line":102,"column":3}},"line":93},"21":{"name":"(anonymous_21)","decl":{"start":{"line":104,"column":17},"end":{"line":104,"column":18}},"loc":{"start":{"line":104,"column":32},"end":{"line":146,"column":3}},"line":104},"22":{"name":"(anonymous_22)","decl":{"start":{"line":110,"column":30},"end":{"line":110,"column":31}},"loc":{"start":{"line":110,"column":45},"end":{"line":139,"column":5}},"line":110},"23":{"name":"(anonymous_23)","decl":{"start":{"line":143,"column":26},"end":{"line":143,"column":27}},"loc":{"start":{"line":143,"column":32},"end":{"line":145,"column":5}},"line":143},"24":{"name":"(anonymous_24)","decl":{"start":{"line":144,"column":58},"end":{"line":144,"column":59}},"loc":{"start":{"line":144,"column":64},"end":{"line":144,"column":109}},"line":144},"25":{"name":"(anonymous_25)","decl":{"start":{"line":148,"column":17},"end":{"line":148,"column":18}},"loc":{"start":{"line":148,"column":32},"end":{"line":172,"column":3}},"line":148},"26":{"name":"(anonymous_26)","decl":{"start":{"line":154,"column":30},"end":{"line":154,"column":31}},"loc":{"start":{"line":154,"column":43},"end":{"line":171,"column":5}},"line":154},"27":{"name":"(anonymous_27)","decl":{"start":{"line":177,"column":30},"end":{"line":177,"column":31}},"loc":{"start":{"line":177,"column":36},"end":{"line":226,"column":1}},"line":177},"28":{"name":"(anonymous_28)","decl":{"start":{"line":178,"column":20},"end":{"line":178,"column":21}},"loc":{"start":{"line":178,"column":26},"end":{"line":178,"column":62}},"line":178},"29":{"name":"(anonymous_29)","decl":{"start":{"line":179,"column":17},"end":{"line":179,"column":18}},"loc":{"start":{"line":179,"column":32},"end":{"line":224,"column":3}},"line":179},"30":{"name":"(anonymous_30)","decl":{"start":{"line":182,"column":44},"end":{"line":182,"column":45}},"loc":{"start":{"line":182,"column":50},"end":{"line":187,"column":5}},"line":182},"31":{"name":"(anonymous_31)","decl":{"start":{"line":188,"column":18},"end":{"line":188,"column":19}},"loc":{"start":{"line":188,"column":28},"end":{"line":188,"column":43}},"line":188},"32":{"name":"(anonymous_32)","decl":{"start":{"line":192,"column":21},"end":{"line":192,"column":22}},"loc":{"start":{"line":192,"column":37},"end":{"line":219,"column":5}},"line":192},"33":{"name":"(anonymous_33)","decl":{"start":{"line":221,"column":26},"end":{"line":221,"column":27}},"loc":{"start":{"line":221,"column":32},"end":{"line":223,"column":5}},"line":221},"34":{"name":"(anonymous_34)","decl":{"start":{"line":222,"column":59},"end":{"line":222,"column":60}},"loc":{"start":{"line":222,"column":65},"end":{"line":222,"column":110}},"line":222},"35":{"name":"(anonymous_35)","decl":{"start":{"line":228,"column":30},"end":{"line":228,"column":31}},"loc":{"start":{"line":228,"column":36},"end":{"line":300,"column":1}},"line":228},"36":{"name":"(anonymous_36)","decl":{"start":{"line":235,"column":17},"end":{"line":235,"column":18}},"loc":{"start":{"line":235,"column":23},"end":{"line":298,"column":3}},"line":235},"37":{"name":"(anonymous_37)","decl":{"start":{"line":239,"column":23},"end":{"line":239,"column":24}},"loc":{"start":{"line":239,"column":36},"end":{"line":261,"column":5}},"line":239},"38":{"name":"(anonymous_38)","decl":{"start":{"line":241,"column":45},"end":{"line":241,"column":46}},"loc":{"start":{"line":241,"column":55},"end":{"line":246,"column":7}},"line":241},"39":{"name":"(anonymous_39)","decl":{"start":{"line":275,"column":29},"end":{"line":275,"column":30}},"loc":{"start":{"line":275,"column":34},"end":{"line":275,"column":85}},"line":275},"40":{"name":"(anonymous_40)","decl":{"start":{"line":275,"column":95},"end":{"line":275,"column":96}},"loc":{"start":{"line":275,"column":100},"end":{"line":285,"column":9}},"line":275},"41":{"name":"(anonymous_41)","decl":{"start":{"line":302,"column":29},"end":{"line":302,"column":30}},"loc":{"start":{"line":302,"column":35},"end":{"line":338,"column":1}},"line":302},"42":{"name":"(anonymous_42)","decl":{"start":{"line":303,"column":25},"end":{"line":303,"column":26}},"loc":{"start":{"line":303,"column":40},"end":{"line":313,"column":3}},"line":303},"43":{"name":"(anonymous_43)","decl":{"start":{"line":311,"column":46},"end":{"line":311,"column":47}},"loc":{"start":{"line":311,"column":52},"end":{"line":311,"column":71}},"line":311},"44":{"name":"(anonymous_44)","decl":{"start":{"line":315,"column":17},"end":{"line":315,"column":18}},"loc":{"start":{"line":315,"column":32},"end":{"line":336,"column":3}},"line":315},"45":{"name":"(anonymous_45)","decl":{"start":{"line":323,"column":19},"end":{"line":323,"column":20}},"loc":{"start":{"line":323,"column":33},"end":{"line":335,"column":5}},"line":323},"46":{"name":"(anonymous_46)","decl":{"start":{"line":342,"column":27},"end":{"line":342,"column":28}},"loc":{"start":{"line":342,"column":33},"end":{"line":366,"column":1}},"line":342},"47":{"name":"(anonymous_47)","decl":{"start":{"line":343,"column":15},"end":{"line":343,"column":16}},"loc":{"start":{"line":343,"column":27},"end":{"line":345,"column":3}},"line":343},"48":{"name":"(anonymous_48)","decl":{"start":{"line":347,"column":17},"end":{"line":347,"column":18}},"loc":{"start":{"line":347,"column":23},"end":{"line":364,"column":3}},"line":347},"49":{"name":"(anonymous_49)","decl":{"start":{"line":351,"column":28},"end":{"line":351,"column":29}},"loc":{"start":{"line":351,"column":35},"end":{"line":363,"column":5}},"line":351},"50":{"name":"(anonymous_50)","decl":{"start":{"line":361,"column":37},"end":{"line":361,"column":38}},"loc":{"start":{"line":361,"column":43},"end":{"line":361,"column":84}},"line":361}},"branchMap":{"0":{"loc":{"start":{"line":12,"column":4},"end":{"line":12,"column":20}},"type":"if","locations":[{"start":{"line":12,"column":4},"end":{"line":12,"column":20}},{"start":{},"end":{}}],"line":12},"1":{"loc":{"start":{"line":15,"column":4},"end":{"line":15,"column":47}},"type":"if","locations":[{"start":{"line":15,"column":4},"end":{"line":15,"column":47}},{"start":{},"end":{}}],"line":15},"2":{"loc":{"start":{"line":23,"column":4},"end":{"line":23,"column":31}},"type":"if","locations":[{"start":{"line":23,"column":4},"end":{"line":23,"column":31}},{"start":{},"end":{}}],"line":23},"3":{"loc":{"start":{"line":23,"column":7},"end":{"line":23,"column":22}},"type":"binary-expr","locations":[{"start":{"line":23,"column":7},"end":{"line":23,"column":12}},{"start":{"line":23,"column":16},"end":{"line":23,"column":22}}],"line":23},"4":{"loc":{"start":{"line":25,"column":4},"end":{"line":33,"column":5}},"type":"if","locations":[{"start":{"line":25,"column":4},"end":{"line":33,"column":5}},{"start":{"line":29,"column":11},"end":{"line":33,"column":5}}],"line":25},"5":{"loc":{"start":{"line":28,"column":6},"end":{"line":28,"column":87}},"type":"if","locations":[{"start":{"line":28,"column":6},"end":{"line":28,"column":87}},{"start":{},"end":{}}],"line":28},"6":{"loc":{"start":{"line":32,"column":6},"end":{"line":32,"column":91}},"type":"if","locations":[{"start":{"line":32,"column":6},"end":{"line":32,"column":91}},{"start":{},"end":{}}],"line":32},"7":{"loc":{"start":{"line":38,"column":4},"end":{"line":38,"column":19}},"type":"if","locations":[{"start":{"line":38,"column":4},"end":{"line":38,"column":19}},{"start":{},"end":{}}],"line":38},"8":{"loc":{"start":{"line":46,"column":4},"end":{"line":46,"column":34}},"type":"if","locations":[{"start":{"line":46,"column":4},"end":{"line":46,"column":34}},{"start":{},"end":{}}],"line":46},"9":{"loc":{"start":{"line":51,"column":4},"end":{"line":51,"column":22}},"type":"if","locations":[{"start":{"line":51,"column":4},"end":{"line":51,"column":22}},{"start":{},"end":{}}],"line":51},"10":{"loc":{"start":{"line":66,"column":8},"end":{"line":66,"column":82}},"type":"if","locations":[{"start":{"line":66,"column":8},"end":{"line":66,"column":82}},{"start":{},"end":{}}],"line":66},"11":{"loc":{"start":{"line":73,"column":4},"end":{"line":73,"column":21}},"type":"if","locations":[{"start":{"line":73,"column":4},"end":{"line":73,"column":21}},{"start":{},"end":{}}],"line":73},"12":{"loc":{"start":{"line":80,"column":26},"end":{"line":80,"column":39}},"type":"default-arg","locations":[{"start":{"line":80,"column":36},"end":{"line":80,"column":39}}],"line":80},"13":{"loc":{"start":{"line":97,"column":16},"end":{"line":97,"column":91}},"type":"cond-expr","locations":[{"start":{"line":97,"column":43},"end":{"line":97,"column":53}},{"start":{"line":97,"column":56},"end":{"line":97,"column":91}}],"line":97},"14":{"loc":{"start":{"line":106,"column":4},"end":{"line":106,"column":18}},"type":"if","locations":[{"start":{"line":106,"column":4},"end":{"line":106,"column":18}},{"start":{},"end":{}}],"line":106},"15":{"loc":{"start":{"line":111,"column":20},"end":{"line":111,"column":52}},"type":"binary-expr","locations":[{"start":{"line":111,"column":20},"end":{"line":111,"column":39}},{"start":{"line":111,"column":43},"end":{"line":111,"column":52}}],"line":111},"16":{"loc":{"start":{"line":122,"column":23},"end":{"line":137,"column":13}},"type":"cond-expr","locations":[{"start":{"line":122,"column":42},"end":{"line":137,"column":8}},{"start":{"line":137,"column":11},"end":{"line":137,"column":13}}],"line":122},"17":{"loc":{"start":{"line":150,"column":4},"end":{"line":150,"column":18}},"type":"if","locations":[{"start":{"line":150,"column":4},"end":{"line":150,"column":18}},{"start":{},"end":{}}],"line":150},"18":{"loc":{"start":{"line":152,"column":4},"end":{"line":152,"column":81}},"type":"if","locations":[{"start":{"line":152,"column":4},"end":{"line":152,"column":81}},{"start":{},"end":{}}],"line":152},"19":{"loc":{"start":{"line":155,"column":20},"end":{"line":155,"column":52}},"type":"binary-expr","locations":[{"start":{"line":155,"column":20},"end":{"line":155,"column":39}},{"start":{"line":155,"column":43},"end":{"line":155,"column":52}}],"line":155},"20":{"loc":{"start":{"line":170,"column":6},"end":{"line":170,"column":58}},"type":"if","locations":[{"start":{"line":170,"column":6},"end":{"line":170,"column":58}},{"start":{},"end":{}}],"line":170},"21":{"loc":{"start":{"line":181,"column":4},"end":{"line":181,"column":18}},"type":"if","locations":[{"start":{"line":181,"column":4},"end":{"line":181,"column":18}},{"start":{},"end":{}}],"line":181},"22":{"loc":{"start":{"line":184,"column":12},"end":{"line":186,"column":71}},"type":"cond-expr","locations":[{"start":{"line":185,"column":10},"end":{"line":185,"column":38}},{"start":{"line":186,"column":10},"end":{"line":186,"column":71}}],"line":184},"23":{"loc":{"start":{"line":195,"column":20},"end":{"line":195,"column":110}},"type":"cond-expr","locations":[{"start":{"line":195,"column":38},"end":{"line":195,"column":54}},{"start":{"line":195,"column":57},"end":{"line":195,"column":110}}],"line":195},"24":{"loc":{"start":{"line":195,"column":57},"end":{"line":195,"column":110}},"type":"cond-expr","locations":[{"start":{"line":195,"column":76},"end":{"line":195,"column":93}},{"start":{"line":195,"column":96},"end":{"line":195,"column":110}}],"line":195},"25":{"loc":{"start":{"line":196,"column":20},"end":{"line":196,"column":200}},"type":"cond-expr","locations":[{"start":{"line":196,"column":29},"end":{"line":196,"column":61}},{"start":{"line":196,"column":64},"end":{"line":196,"column":200}}],"line":196},"26":{"loc":{"start":{"line":196,"column":64},"end":{"line":196,"column":200}},"type":"cond-expr","locations":[{"start":{"line":196,"column":82},"end":{"line":196,"column":114}},{"start":{"line":196,"column":117},"end":{"line":196,"column":200}}],"line":196},"27":{"loc":{"start":{"line":196,"column":117},"end":{"line":196,"column":200}},"type":"cond-expr","locations":[{"start":{"line":196,"column":136},"end":{"line":196,"column":167}},{"start":{"line":196,"column":170},"end":{"line":196,"column":200}}],"line":196},"28":{"loc":{"start":{"line":199,"column":36},"end":{"line":199,"column":57}},"type":"cond-expr","locations":[{"start":{"line":199,"column":45},"end":{"line":199,"column":52}},{"start":{"line":199,"column":55},"end":{"line":199,"column":57}}],"line":199},"29":{"loc":{"start":{"line":203,"column":23},"end":{"line":217,"column":13}},"type":"cond-expr","locations":[{"start":{"line":203,"column":42},"end":{"line":217,"column":8}},{"start":{"line":217,"column":11},"end":{"line":217,"column":13}}],"line":203},"30":{"loc":{"start":{"line":237,"column":4},"end":{"line":237,"column":25}},"type":"if","locations":[{"start":{"line":237,"column":4},"end":{"line":237,"column":25}},{"start":{},"end":{}}],"line":237},"31":{"loc":{"start":{"line":243,"column":25},"end":{"line":243,"column":114}},"type":"cond-expr","locations":[{"start":{"line":243,"column":43},"end":{"line":243,"column":57}},{"start":{"line":243,"column":60},"end":{"line":243,"column":114}}],"line":243},"32":{"loc":{"start":{"line":243,"column":60},"end":{"line":243,"column":114}},"type":"cond-expr","locations":[{"start":{"line":243,"column":78},"end":{"line":243,"column":95}},{"start":{"line":243,"column":98},"end":{"line":243,"column":114}}],"line":243},"33":{"loc":{"start":{"line":244,"column":22},"end":{"line":244,"column":93}},"type":"cond-expr","locations":[{"start":{"line":244,"column":31},"end":{"line":244,"column":88}},{"start":{"line":244,"column":91},"end":{"line":244,"column":93}}],"line":244},"34":{"loc":{"start":{"line":252,"column":22},"end":{"line":259,"column":13}},"type":"cond-expr","locations":[{"start":{"line":252,"column":41},"end":{"line":259,"column":8}},{"start":{"line":259,"column":11},"end":{"line":259,"column":13}}],"line":252},"35":{"loc":{"start":{"line":255,"column":42},"end":{"line":255,"column":96}},"type":"cond-expr","locations":[{"start":{"line":255,"column":60},"end":{"line":255,"column":64}},{"start":{"line":255,"column":67},"end":{"line":255,"column":96}}],"line":255},"36":{"loc":{"start":{"line":255,"column":67},"end":{"line":255,"column":96}},"type":"cond-expr","locations":[{"start":{"line":255,"column":85},"end":{"line":255,"column":89}},{"start":{"line":255,"column":92},"end":{"line":255,"column":96}}],"line":255},"37":{"loc":{"start":{"line":255,"column":144},"end":{"line":255,"column":205}},"type":"cond-expr","locations":[{"start":{"line":255,"column":162},"end":{"line":255,"column":167}},{"start":{"line":255,"column":170},"end":{"line":255,"column":205}}],"line":255},"38":{"loc":{"start":{"line":255,"column":170},"end":{"line":255,"column":205}},"type":"cond-expr","locations":[{"start":{"line":255,"column":188},"end":{"line":255,"column":196}},{"start":{"line":255,"column":199},"end":{"line":255,"column":205}}],"line":255},"39":{"loc":{"start":{"line":264,"column":4},"end":{"line":297,"column":5}},"type":"if","locations":[{"start":{"line":264,"column":4},"end":{"line":297,"column":5}},{"start":{},"end":{}}],"line":264},"40":{"loc":{"start":{"line":274,"column":6},"end":{"line":286,"column":7}},"type":"if","locations":[{"start":{"line":274,"column":6},"end":{"line":286,"column":7}},{"start":{},"end":{}}],"line":274},"41":{"loc":{"start":{"line":275,"column":34},"end":{"line":275,"column":85}},"type":"binary-expr","locations":[{"start":{"line":275,"column":34},"end":{"line":275,"column":56}},{"start":{"line":275,"column":60},"end":{"line":275,"column":85}}],"line":275},"42":{"loc":{"start":{"line":276,"column":29},"end":{"line":276,"column":51}},"type":"binary-expr","locations":[{"start":{"line":276,"column":29},"end":{"line":276,"column":41}},{"start":{"line":276,"column":45},"end":{"line":276,"column":51}}],"line":276},"43":{"loc":{"start":{"line":277,"column":10},"end":{"line":280,"column":11}},"type":"if","locations":[{"start":{"line":277,"column":10},"end":{"line":280,"column":11}},{"start":{},"end":{}}],"line":277},"44":{"loc":{"start":{"line":281,"column":10},"end":{"line":284,"column":11}},"type":"if","locations":[{"start":{"line":281,"column":10},"end":{"line":284,"column":11}},{"start":{},"end":{}}],"line":281},"45":{"loc":{"start":{"line":288,"column":22},"end":{"line":296,"column":13}},"type":"cond-expr","locations":[{"start":{"line":288,"column":41},"end":{"line":296,"column":8}},{"start":{"line":296,"column":11},"end":{"line":296,"column":13}}],"line":288},"46":{"loc":{"start":{"line":293,"column":178},"end":{"line":293,"column":285}},"type":"cond-expr","locations":[{"start":{"line":293,"column":203},"end":{"line":293,"column":280}},{"start":{"line":293,"column":283},"end":{"line":293,"column":285}}],"line":293},"47":{"loc":{"start":{"line":305,"column":4},"end":{"line":310,"column":5}},"type":"if","locations":[{"start":{"line":305,"column":4},"end":{"line":310,"column":5}},{"start":{},"end":{}}],"line":305},"48":{"loc":{"start":{"line":306,"column":6},"end":{"line":306,"column":154}},"type":"if","locations":[{"start":{"line":306,"column":6},"end":{"line":306,"column":154}},{"start":{},"end":{}}],"line":306},"49":{"loc":{"start":{"line":306,"column":11},"end":{"line":306,"column":31}},"type":"binary-expr","locations":[{"start":{"line":306,"column":11},"end":{"line":306,"column":26}},{"start":{"line":306,"column":30},"end":{"line":306,"column":31}}],"line":306},"50":{"loc":{"start":{"line":307,"column":6},"end":{"line":307,"column":158}},"type":"if","locations":[{"start":{"line":307,"column":6},"end":{"line":307,"column":158}},{"start":{},"end":{}}],"line":307},"51":{"loc":{"start":{"line":307,"column":11},"end":{"line":307,"column":35}},"type":"binary-expr","locations":[{"start":{"line":307,"column":11},"end":{"line":307,"column":30}},{"start":{"line":307,"column":34},"end":{"line":307,"column":35}}],"line":307},"52":{"loc":{"start":{"line":308,"column":6},"end":{"line":308,"column":156}},"type":"if","locations":[{"start":{"line":308,"column":6},"end":{"line":308,"column":156}},{"start":{},"end":{}}],"line":308},"53":{"loc":{"start":{"line":308,"column":11},"end":{"line":308,"column":33}},"type":"binary-expr","locations":[{"start":{"line":308,"column":11},"end":{"line":308,"column":26}},{"start":{"line":308,"column":30},"end":{"line":308,"column":33}}],"line":308},"54":{"loc":{"start":{"line":309,"column":6},"end":{"line":309,"column":167}},"type":"if","locations":[{"start":{"line":309,"column":6},"end":{"line":309,"column":167}},{"start":{},"end":{}}],"line":309},"55":{"loc":{"start":{"line":309,"column":11},"end":{"line":309,"column":35}},"type":"binary-expr","locations":[{"start":{"line":309,"column":11},"end":{"line":309,"column":30}},{"start":{"line":309,"column":34},"end":{"line":309,"column":35}}],"line":309},"56":{"loc":{"start":{"line":319,"column":4},"end":{"line":319,"column":33}},"type":"if","locations":[{"start":{"line":319,"column":4},"end":{"line":319,"column":33}},{"start":{},"end":{}}],"line":319},"57":{"loc":{"start":{"line":319,"column":7},"end":{"line":319,"column":24}},"type":"binary-expr","locations":[{"start":{"line":319,"column":7},"end":{"line":319,"column":12}},{"start":{"line":319,"column":16},"end":{"line":319,"column":24}}],"line":319},"58":{"loc":{"start":{"line":329,"column":23},"end":{"line":333,"column":12}},"type":"cond-expr","locations":[{"start":{"line":329,"column":42},"end":{"line":333,"column":8}},{"start":{"line":333,"column":10},"end":{"line":333,"column":12}}],"line":329},"59":{"loc":{"start":{"line":349,"column":4},"end":{"line":349,"column":21}},"type":"if","locations":[{"start":{"line":349,"column":4},"end":{"line":349,"column":21}},{"start":{},"end":{}}],"line":349},"60":{"loc":{"start":{"line":356,"column":23},"end":{"line":360,"column":13}},"type":"cond-expr","locations":[{"start":{"line":356,"column":42},"end":{"line":360,"column":8}},{"start":{"line":360,"column":11},"end":{"line":360,"column":13}}],"line":356}},"s":{"0":1,"1":1,"2":1,"3":1,"4":1,"5":0,"6":0,"7":0,"8":0,"9":0,"10":0,"11":0,"12":0,"13":0,"14":1,"15":1,"16":1,"17":1,"18":1,"19":1,"20":0,"21":0,"22":0,"23":0,"24":0,"25":0,"26":0,"27":0,"28":0,"29":0,"30":0,"31":1,"32":0,"33":0,"34":0,"35":0,"36":0,"37":0,"38":0,"39":1,"40":0,"41":0,"42":0,"43":1,"44":0,"45":0,"46":0,"47":0,"48":0,"49":1,"50":0,"51":0,"52":0,"53":0,"54":0,"55":0,"56":0,"57":0,"58":0,"59":0,"60":1,"61":0,"62":0,"63":0,"64":0,"65":0,"66":0,"67":0,"68":0,"69":1,"70":2,"71":0,"72":0,"73":0,"74":1,"75":1,"76":1,"77":0,"78":1,"79":0,"80":0,"81":0,"82":0,"83":0,"84":0,"85":0,"86":0,"87":1,"88":0,"89":0,"90":0,"91":0,"92":0,"93":0,"94":0,"95":0,"96":0,"97":0,"98":0,"99":0,"100":0,"101":0,"102":0,"103":0,"104":0,"105":0,"106":0,"107":0,"108":0,"109":1,"110":0,"111":0,"112":0,"113":0,"114":0,"115":0,"116":0,"117":0,"118":0,"119":0,"120":0,"121":0,"122":0,"123":0,"124":0,"125":0,"126":0,"127":0,"128":0,"129":0,"130":0,"131":0,"132":1,"133":1,"134":1,"135":0,"136":1,"137":0,"138":0,"139":0,"140":0,"141":0,"142":0,"143":0,"144":0,"145":0,"146":0,"147":0,"148":0,"149":0,"150":0,"151":0,"152":0,"153":0,"154":0,"155":0,"156":0,"157":0,"158":0,"159":0,"160":1,"161":1,"162":1,"163":1,"164":0,"165":0,"166":0,"167":0,"168":0,"169":0,"170":0,"171":0,"172":0,"173":0,"174":0,"175":0,"176":0,"177":0,"178":0,"179":0,"180":0,"181":0,"182":0,"183":0,"184":0,"185":0,"186":0,"187":0,"188":0,"189":0,"190":0,"191":0,"192":0,"193":0,"194":0,"195":0,"196":0,"197":0,"198":0,"199":0,"200":1,"201":1,"202":1,"203":0,"204":0,"205":0,"206":0,"207":0,"208":0,"209":0,"210":0,"211":0,"212":0,"213":0,"214":0,"215":0,"216":1,"217":0,"218":0,"219":0,"220":0,"221":0,"222":0,"223":0,"224":0,"225":0,"226":0,"227":0,"228":0,"229":0,"230":0,"231":0,"232":1,"233":1,"234":1,"235":0,"236":1,"237":0,"238":0,"239":0,"240":0,"241":0,"242":0,"243":0,"244":0,"245":0,"246":0,"247":0,"248":0,"249":0,"250":1},"f":{"0":1,"1":0,"2":0,"3":1,"4":0,"5":0,"6":0,"7":0,"8":0,"9":0,"10":0,"11":0,"12":0,"13":0,"14":0,"15":2,"16":0,"17":0,"18":1,"19":0,"20":0,"21":0,"22":0,"23":0,"24":0,"25":0,"26":0,"27":1,"28":0,"29":0,"30":0,"31":0,"32":0,"33":0,"34":0,"35":1,"36":0,"37":0,"38":0,"39":0,"40":0,"41":1,"42":0,"43":0,"44":0,"45":0,"46":1,"47":0,"48":0,"49":0,"50":0},"b":{"0":[0,0],"1":[0,0],"2":[1,0],"3":[1,0],"4":[0,0],"5":[0,0],"6":[0,0],"7":[0,0],"8":[0,0],"9":[0,0],"10":[0,0],"11":[0,0],"12":[0],"13":[0,0],"14":[0,0],"15":[0,0],"16":[0,0],"17":[0,0],"18":[0,0],"19":[0,0],"20":[0,0],"21":[0,0],"22":[0,0],"23":[0,0],"24":[0,0],"25":[0,0],"26":[0,0],"27":[0,0],"28":[0,0],"29":[0,0],"30":[0,0],"31":[0,0],"32":[0,0],"33":[0,0],"34":[0,0],"35":[0,0],"36":[0,0],"37":[0,0],"38":[0,0],"39":[0,0],"40":[0,0],"41":[0,0],"42":[0,0],"43":[0,0],"44":[0,0],"45":[0,0],"46":[0,0],"47":[0,0],"48":[0,0],"49":[0,0],"50":[0,0],"51":[0,0],"52":[0,0],"53":[0,0],"54":[0,0],"55":[0,0],"56":[0,0],"57":[0,0],"58":[0,0],"59":[0,0],"60":[0,0]},"_coverageSchema":"1a1c01bbd47fc00a2c39e90264f33305004495a9","hash":"99b11057f4eb814e188dfee5f0d711b4bbdba88d"}
}
